<?xml version="1.0" encoding="UTF-8"?>
<!-- Generated by org.testng.reporters.JUnitXMLReporter -->
<testsuite ignored="0" hostname="Rishit" failures="0" tests="9" name="Test" time="59.961" errors="0" timestamp="2021-09-07T16:32:31 EDT">
  <testcase classname="com.crm.qa.tests.LoginPageTest" name="loginPageTitleTest" time="0.026"/>
  <testcase classname="com.crm.qa.tests.LoginPageTest" name="crmLogoImageTest" time="0.147"/>
  <testcase classname="com.crm.qa.tests.LoginPageTest" name="loginTest" time="4.457"/>
  <testcase classname="com.crm.qa.tests.HomePageTest" name="verifyHomepageTitleTest" time="0.007"/>
  <testcase classname="com.crm.qa.tests.HomePageTest" name="verifyUsernameTest" time="0.116"/>
  <testcase classname="com.crm.qa.tests.HomePageTest" name="verifyContactsLinkTest" time="0.679"/>
  <testcase classname="com.crm.qa.tests.ContactsPageTest" name="verifyContactsPageLabelTest" time="0.056"/>
  <testcase classname="com.crm.qa.tests.ContactsPageTest" name="selectSingleContactsTest" time="0.096"/>
  <testcase classname="com.crm.qa.tests.ContactsPageTest" name="selectMultipleContactsTest" time="0.163"/>
</testsuite> <!-- Test -->
