<?xml version="1.0" encoding="UTF-8"?>
<!-- Generated by org.testng.reporters.JUnitXMLReporter -->
<testsuite ignored="0" hostname="Rishit" failures="0" tests="10" name="Test" time="83.557" errors="0" timestamp="2021-09-08T11:56:11 EDT">
  <testcase classname="com.crm.qa.tests.LoginPageTest" name="loginTest" time="3.641"/>
  <testcase classname="com.crm.qa.tests.HomePageTest" name="verifyHomepageTitleTest" time="0.008"/>
  <testcase classname="com.crm.qa.tests.HomePageTest" name="verifyUsernameTest" time="0.109"/>
  <testcase classname="com.crm.qa.tests.HomePageTest" name="verifyContactsLinkTest" time="0.74"/>
  <testcase classname="com.crm.qa.tests.ContactsPageTest" name="verifyContactsPageLabelTest" time="0.048"/>
  <testcase classname="com.crm.qa.tests.ContactsPageTest" name="selectSingleContactsTest" time="0.125"/>
  <testcase classname="com.crm.qa.tests.ContactsPageTest" name="selectMultipleContactsTest" time="0.153"/>
  <testcase classname="com.crm.qa.tests.ContactsPageTest" name="validateCreateNewContactTest" time="2.378"/>
  <testcase classname="com.crm.qa.tests.ContactsPageTest" name="validateCreateNewContactTest" time="2.575"/>
  <testcase classname="com.crm.qa.tests.ContactsPageTest" name="validateCreateNewContactTest" time="2.142"/>
</testsuite> <!-- Test -->
